2025-08-08 07:58:13,323 [INFO] Logs are stored in 'arch_setup.log'.
2025-08-08 07:58:13,323 [INFO] --- STEP: Acquiring Administrator Privileges ---
2025-08-08 07:58:13,323 [INFO] Caching sudo credentials for the duration of the script.
2025-08-08 07:58:13,324 [INFO] Executing command: sudo -v
2025-08-08 07:58:13,338 [INFO] SUCCESS: 'yay' is already installed.
2025-08-08 07:58:13,338 [INFO] --- STEP: Asus ROG Laptop Configuration (Optional) ---
2025-08-08 07:58:13,338 [WARNING] This adds a third-party repository and keys to pacman.
Only proceed if you are on a supported Asus ROG laptop.
2025-08-08 07:58:14,981 [INFO] Proceeding with Asus setup...
2025-08-08 07:58:14,981 [INFO] Receiving g14 repo key.
2025-08-08 07:58:14,981 [INFO] Executing command: sudo pacman-key --recv-keys 8F654886F17D497FEFE3DB448B15A6B0E9A3FA35
2025-08-08 07:58:15,990 [INFO] Locally signing g14 repo key.
2025-08-08 07:58:15,990 [INFO] Executing command: sudo pacman-key --lsign-key 8F654886F17D497FEFE3DB448B15A6B0E9A3FA35
2025-08-08 07:58:16,669 [INFO] Adding key to pacman.
2025-08-08 07:58:16,669 [INFO] Executing command: sudo pacman-key --add g14.sec
2025-08-08 07:58:16,715 [INFO] [g14] repository already configured.
2025-08-08 07:58:16,715 [INFO] Synchronizing package databases.
2025-08-08 07:58:16,715 [INFO] Executing command: sudo pacman -Syyu
2025-08-08 07:58:19,787 [INFO] SUCCESS: Asus repository setup complete.
2025-08-08 07:58:19,788 [INFO] --- STEP: Installing System Packages ---
2025-08-08 07:58:19,788 [INFO] Adding 5 hardware-specific packages.
2025-08-08 07:58:19,788 [INFO] Found 225 unique packages to install.
2025-08-08 07:58:19,788 [INFO] Running 'yay' to install all packages. This may take a long time.
2025-08-08 07:58:19,788 [INFO] Executing command: yay -S --needed aardvark-dns acpid adw-gtk-theme amd-ucode apparmor apparmor.d-git arch-audit asusctl atuin audit autoconf automake bash-language-server bat bibata-cursor-theme bitwarden bleachbit boost boxbuddy brightnessctl btop btrfs-progs cargo chrony cliphist cmake cockpit cockpit-packagekit cockpit-podman curl dbus-python deluge-gtk devtools direnv distrobox dosfstools downgrade efibootmgr emacs-lsp-booster-git emacs-wayland eza fastfetch fd fdupes ffnvcodec-headers fwupd fzf gcc git git-delta git-lfs gnome-keyring gnome-themes-extra go greetd greetd-tuigreet grim gst-plugin-pipewire gst-plugins-bad gst-plugins-base gst-plugins-good gst-plugins-ugly gstreamer gtk-engine-murrine haveged hunspell hunspell-en_us hypridle hyprland hyprlock hyprnome hyprpaper hyprpicker hyprpolkitagent hyprsunset imagemagick inotify-tools jansson jitterentropy-rngd jq kvantum kvantum-qt5 kvantum-theme-catppuccin-git lazygit libsecret libva libva-nvidia-driver linux-cachyos-bore-lto-nvidia-open linux-firmware logrotate lxd lynis make markdownlint-cli mesa meson miniconda3 mpv neovim netavark networkmanager nodejs nodejs-neovim npm nvidia-container-toolkit nvidia-utils nwg-drawer nwg-look opencl-nvidia openssh org.freedesktop.secrets pacman-contrib papirus-folders-catppuccin-git papirus-icon-theme pavucontrol piavpn pipewire pipewire-alsa pipewire-pulse pkg-config pkgconf plocate plymouth podman podman-docker poppler poppler-glib power-profiles-daemon pyalpm pyprland pyright python-black python-debugpy python-isort python-neovim python-notify2 python-pam python-pip python-pipx python-psutil python-pylint python-pynvim python-requests qt5-wayland qt5ct qt6-wayland qt6ct ripgrep rng-tools rofi-wayland rog-control-center rust sassc seahorse shellcheck shfmt slurp smartmontools snap-pac snap-pac-grub snapper socat sof-firmware starship supergfxctl swappy switcheroo-control swww sysstat tealdeer tectonic texinfo texlab texlive-basic texlive-bibtexextra texlive-binextra texlive-fontsextra texlive-fontsrecommended texlive-lang texlive-latex texlive-latexextra texlive-latexrecommended texlive-mathscience texlive-xetex thefuck thunar thunar-archive-plugin thunar-media-tags-plugin thunar-volman trash-cli tree-sitter-cli ttf-jetbrains-mono ttf-jetbrains-mono-nerd ttf-ubuntu-font-family tumbler typescript unrar unzip upower uwsm vulkan-headers vulkan-tools vulkan-validation-layers wf-recorder wget wireplumber wl-clipboard xarchiver xdg-desktop-portal-hyprland xdg-user-dirs xdg-user-dirs-gtk xf86-video-amdgpu xorg-xwayland xournalpp xz yarn yazi zathura zathura-pdf-poppler zen-browser-bin zip zotero-bin zoxide zsh zstd
2025-08-08 07:59:13,052 [ERROR] Command failed with exit code 1. See output above.
2025-08-08 07:59:13,052 [ERROR] Package installation failed. Aborting.
